09:50:47.481 [main] INFO  org.eclipse.jetty.util.log - Logging initialized @2545ms to org.eclipse.jetty.util.log.Slf4jLog
09:50:59.554 [nREPL-session-3452bb44-9d39-4d61-bbaa-a103cbf0143c] INFO  org.eclipse.jetty.server.Server - jetty-9.4.44.v20210927; built: 2021-09-27T23:02:44.612Z; git: 8da83308eeca865e495e53ef315a249d63ba9332; jvm 23.0.1
09:50:59.577 [nREPL-session-3452bb44-9d39-4d61-bbaa-a103cbf0143c] INFO  o.e.j.server.handler.ContextHandler - Started o.e.j.s.ServletContextHandler@3b23fd63{/,null,AVAILABLE}
09:50:59.586 [nREPL-session-3452bb44-9d39-4d61-bbaa-a103cbf0143c] INFO  o.e.jetty.server.AbstractConnector - Started ServerConnector@5f6a09ac{HTTP/1.1, (http/1.1, h2c)}{localhost:8080}
09:50:59.586 [nREPL-session-3452bb44-9d39-4d61-bbaa-a103cbf0143c] INFO  org.eclipse.jetty.server.Server - Started @14651ms
09:51:08.582 [qtp791872111-54] INFO  jetty-web-sockets.service - {:msg "A client sent - hola", :line 57}
09:56:08.588 [Connector-Scheduler-5f6a09ac-1] ERROR jetty-web-sockets.service - {:msg "WS Error happened", :line 59}
org.eclipse.jetty.websocket.api.CloseException: java.util.concurrent.TimeoutException: Idle timeout expired: 300002/300000 ms
	at org.eclipse.jetty.websocket.common.io.AbstractWebSocketConnection.onReadTimeout(AbstractWebSocketConnection.java:564)
	at org.eclipse.jetty.io.AbstractConnection.onFillInterestedFailed(AbstractConnection.java:172)
	at org.eclipse.jetty.websocket.common.io.AbstractWebSocketConnection.onFillInterestedFailed(AbstractWebSocketConnection.java:539)
	at org.eclipse.jetty.io.AbstractConnection$ReadCallback.failed(AbstractConnection.java:317)
	at org.eclipse.jetty.io.FillInterest.onFail(FillInterest.java:140)
	at org.eclipse.jetty.io.AbstractEndPoint.onIdleExpired(AbstractEndPoint.java:407)
	at org.eclipse.jetty.io.IdleTimeout.checkIdleTimeout(IdleTimeout.java:171)
	at org.eclipse.jetty.io.IdleTimeout.idleCheck(IdleTimeout.java:113)
	at java.base/java.util.concurrent.Executors$RunnableAdapter.call(Executors.java:572)
	at java.base/java.util.concurrent.FutureTask.run(FutureTask.java:317)
	at java.base/java.util.concurrent.ScheduledThreadPoolExecutor$ScheduledFutureTask.run(ScheduledThreadPoolExecutor.java:304)
	at java.base/java.util.concurrent.ThreadPoolExecutor.runWorker(ThreadPoolExecutor.java:1144)
	at java.base/java.util.concurrent.ThreadPoolExecutor$Worker.run(ThreadPoolExecutor.java:642)
	at java.base/java.lang.Thread.run(Thread.java:1575)
Caused by: java.util.concurrent.TimeoutException: Idle timeout expired: 300002/300000 ms
	... 8 common frames omitted
09:56:08.589 [Connector-Scheduler-5f6a09ac-1] INFO  jetty-web-sockets.service - {:msg "WS Closed:", :reason "java.util.concurrent.TimeoutException: Idle timeout expired: 300002/300000 ms", :line 61}
14:43:23.245 [main] INFO  org.eclipse.jetty.util.log - Logging initialized @2922ms to org.eclipse.jetty.util.log.Slf4jLog
14:45:30.534 [nREPL-session-d144e829-8bc1-4ad3-b58b-60eacdb241e1] INFO  org.eclipse.jetty.server.Server - jetty-9.4.44.v20210927; built: 2021-09-27T23:02:44.612Z; git: 8da83308eeca865e495e53ef315a249d63ba9332; jvm 23.0.1
14:45:30.557 [nREPL-session-d144e829-8bc1-4ad3-b58b-60eacdb241e1] INFO  o.e.j.server.handler.ContextHandler - Started o.e.j.s.ServletContextHandler@63ae381b{/,null,AVAILABLE}
14:46:21.534 [qtp791872111-58] INFO  io.pedestal.http - {:msg "GET /", :line 80}
14:46:21.537 [qtp791872111-58] INFO  io.pedestal.http.cors - {:msg "cors request processing", :origin "", :allowed true, :line 84}
14:46:21.545 [qtp791872111-58] INFO  io.pedestal.http.cors - {:msg "cors response processing", :cors-headers {"Access-Control-Allow-Origin" "", "Access-Control-Allow-Credentials" "true", "Access-Control-Expose-Headers" "Strict-Transport-Security, X-Frame-Options, X-Content-Type-Options, X-Xss-Protection, X-Download-Options, X-Permitted-Cross-Domain-Policies, Content-Security-Policy, Content-Type"}, :line 111}
14:46:21.677 [qtp791872111-55] INFO  io.pedestal.http - {:msg "GET /favicon.ico", :line 80}
14:46:21.677 [qtp791872111-55] INFO  io.pedestal.http.cors - {:msg "cors request processing", :origin "", :allowed true, :line 84}
14:46:21.679 [qtp791872111-55] INFO  io.pedestal.http.cors - {:msg "cors response processing", :cors-headers {"Access-Control-Allow-Origin" "", "Access-Control-Allow-Credentials" "true", "Access-Control-Expose-Headers" ""}, :line 111}
14:46:50.943 [qtp791872111-60] INFO  io.pedestal.http - {:msg "GET /", :line 80}
14:46:50.943 [qtp791872111-60] INFO  io.pedestal.http.cors - {:msg "cors request processing", :origin "", :allowed true, :line 84}
14:46:50.945 [qtp791872111-60] INFO  io.pedestal.http.cors - {:msg "cors response processing", :cors-headers {"Access-Control-Allow-Origin" "", "Access-Control-Allow-Credentials" "true", "Access-Control-Expose-Headers" "Strict-Transport-Security, X-Frame-Options, X-Content-Type-Options, X-Xss-Protection, X-Download-Options, X-Permitted-Cross-Domain-Policies, Content-Security-Policy, Content-Type"}, :line 111}
14:49:32.248 [qtp791872111-59] INFO  io.pedestal.http - {:msg "GET /", :line 80}
14:49:32.254 [qtp791872111-59] INFO  io.pedestal.http.cors - {:msg "cors request processing", :origin "", :allowed true, :line 84}
14:49:32.291 [qtp791872111-59] INFO  io.pedestal.http.cors - {:msg "cors response processing", :cors-headers {"Access-Control-Allow-Origin" "", "Access-Control-Allow-Credentials" "true", "Access-Control-Expose-Headers" "Strict-Transport-Security, X-Frame-Options, X-Content-Type-Options, X-Xss-Protection, X-Download-Options, X-Permitted-Cross-Domain-Policies, Content-Security-Policy, Content-Type"}, :line 111}
14:51:13.835 [main] INFO  org.eclipse.jetty.util.log - Logging initialized @2649ms to org.eclipse.jetty.util.log.Slf4jLog
14:51:57.012 [nREPL-session-343fb37e-b926-4232-939d-9fa2f20c29b2] INFO  org.eclipse.jetty.server.Server - jetty-9.4.44.v20210927; built: 2021-09-27T23:02:44.612Z; git: 8da83308eeca865e495e53ef315a249d63ba9332; jvm 23.0.1
14:51:57.042 [nREPL-session-343fb37e-b926-4232-939d-9fa2f20c29b2] INFO  o.e.j.server.handler.ContextHandler - Started o.e.j.s.ServletContextHandler@316b52ea{/,null,AVAILABLE}
14:51:57.050 [nREPL-session-343fb37e-b926-4232-939d-9fa2f20c29b2] INFO  o.e.jetty.server.AbstractConnector - Started ServerConnector@77877d65{HTTP/1.1, (http/1.1, h2c)}{localhost:8080}
14:51:57.050 [nREPL-session-343fb37e-b926-4232-939d-9fa2f20c29b2] INFO  org.eclipse.jetty.server.Server - Started @45865ms
14:52:34.569 [qtp1363876422-96] INFO  io.pedestal.http - {:msg "GET /", :line 80}
14:52:34.572 [qtp1363876422-96] INFO  io.pedestal.http.cors - {:msg "cors request processing", :origin "", :allowed true, :line 84}
14:52:34.577 [qtp1363876422-96] INFO  io.pedestal.http.cors - {:msg "cors response processing", :cors-headers {"Access-Control-Allow-Origin" "", "Access-Control-Allow-Credentials" "true", "Access-Control-Expose-Headers" "Strict-Transport-Security, X-Frame-Options, X-Content-Type-Options, X-Xss-Protection, X-Download-Options, X-Permitted-Cross-Domain-Policies, Content-Security-Policy, Content-Type"}, :line 111}
14:53:52.498 [main] INFO  org.eclipse.jetty.util.log - Logging initialized @3056ms to org.eclipse.jetty.util.log.Slf4jLog
